<?xml version="1.0" encoding="UTF-8"?>
<!-- Generated by org.testng.reporters.JUnitReportReporter -->
<testsuite hostname="Mama" failures="0" tests="1" name="test.GooglSearchPageTestNG" time="9.245" errors="0" timestamp="2024-10-06T21:39:10 IST" skipped="0">
  <testcase classname="test.GooglSearchPageTestNG" name="googleSearchTest" time="9.245"/>
</testsuite> <!-- test.GooglSearchPageTestNG -->
