<?xml version="1.0" encoding="UTF-8"?>
<!-- Generated by org.testng.reporters.JUnitReportReporter -->
<testsuite hostname="Mama" failures="0" tests="2" name="test.ExtentReportWithTestNG" time="1.681" errors="0" timestamp="2025-07-16T01:40:51 IST" skipped="0">
  <testcase classname="test.ExtentReportWithTestNG" name="test2" time="0.002"/>
  <testcase classname="test.ExtentReportWithTestNG" name="test1" time="1.679"/>
</testsuite> <!-- test.ExtentReportWithTestNG -->
